<?xml version="1.0" encoding="UTF-8"?>
<!-- Generated by org.testng.reporters.JUnitReportReporter -->
<testsuite hostname="DESKTOP-799KKK6" failures="2" tests="6" name="com.testrunners.EcommerceRunner" time="25.259" errors="0" timestamp="2025-09-09T01:11:37 IST" skipped="0">
  <testcase classname="com.testrunners.EcommerceRunner" name="runScenario" time="3.854"/>
  <testcase classname="com.testrunners.EcommerceRunner" name="runScenario" time="4.296"/>
  <testcase classname="com.testrunners.EcommerceRunner" name="runScenario" time="4.135"/>
  <testcase classname="com.testrunners.EcommerceRunner" name="runScenario" time="4.861">
    <failure message="expected [Amazon.com. Spend less. Smile ] but found [Amazon.com. Spend less. Smile more.]" type="java.lang.AssertionError">
      <![CDATA[java.lang.AssertionError: expected [Amazon.com. Spend less. Smile ] but found [Amazon.com. Spend less. Smile more.]
at org.testng.Assert.fail(Assert.java:111)
at org.testng.Assert.failNotEquals(Assert.java:1578)
at org.testng.Assert.assertEqualsImpl(Assert.java:150)
at org.testng.Assert.assertEquals(Assert.java:132)
at org.testng.Assert.assertEquals(Assert.java:656)
at org.testng.Assert.assertEquals(Assert.java:666)
at com.genericlibrary.GenericFunctions.verifyPageTitle(GenericFunctions.java:17)
at com.stepdefinitions.CommonSteps.verifyPageTitleToBe(CommonSteps.java:27)
at ✽.Verify page title to be "Amazon.com. Spend less. Smile "(file:///C:/CK/CK_Personal_Projects/BrowserLaunch-JavaSelenium-BDD/src/test/resources/features/ecommerce/Amazon.feature:17)
]]>
    </failure>
  </testcase> <!-- runScenario -->
  <testcase classname="com.testrunners.EcommerceRunner" name="runScenario" time="4.094">
    <failure message="expected [ Shopping Site for Mobiles, Electronics, Furniture, Grocery, Lifestyle, Books &amp; More. Best Offers!] but found [Online Shopping Site for Mobiles, Electronics, Furniture, Grocery, Lifestyle, Books &amp; More. Best Offers!]" type="java.lang.AssertionError">
      <![CDATA[java.lang.AssertionError: expected [ Shopping Site for Mobiles, Electronics, Furniture, Grocery, Lifestyle, Books & More. Best Offers!] but found [Online Shopping Site for Mobiles, Electronics, Furniture, Grocery, Lifestyle, Books & More. Best Offers!]
at org.testng.Assert.fail(Assert.java:111)
at org.testng.Assert.failNotEquals(Assert.java:1578)
at org.testng.Assert.assertEqualsImpl(Assert.java:150)
at org.testng.Assert.assertEquals(Assert.java:132)
at org.testng.Assert.assertEquals(Assert.java:656)
at org.testng.Assert.assertEquals(Assert.java:666)
at com.genericlibrary.GenericFunctions.verifyPageTitle(GenericFunctions.java:17)
at com.stepdefinitions.CommonSteps.verifyPageTitleToBe(CommonSteps.java:27)
at ✽.Verify page title to be " Shopping Site for Mobiles, Electronics, Furniture, Grocery, Lifestyle, Books & More. Best Offers!"(file:///C:/CK/CK_Personal_Projects/BrowserLaunch-JavaSelenium-BDD/src/test/resources/features/ecommerce/Flipkart.feature:7)
]]>
    </failure>
  </testcase> <!-- runScenario -->
  <testcase classname="com.testrunners.EcommerceRunner" name="runScenario" time="4.019"/>
</testsuite> <!-- com.testrunners.EcommerceRunner -->
