<?xml version="1.0" encoding="UTF-8"?>
<!-- Generated by org.testng.reporters.JUnitReportReporter -->
<testsuite hostname="DESKTOP-799KKK6" failures="0" tests="6" name="com.testrunners.FoodRunner" time="52.620" errors="0" timestamp="2025-09-08T02:05:33 IST" skipped="0">
  <testcase classname="com.testrunners.FoodRunner" name="runScenario" time="9.050"/>
  <testcase classname="com.testrunners.FoodRunner" name="runScenario" time="6.705"/>
  <testcase classname="com.testrunners.FoodRunner" name="runScenario" time="9.610"/>
  <testcase classname="com.testrunners.FoodRunner" name="runScenario" time="9.706"/>
  <testcase classname="com.testrunners.FoodRunner" name="runScenario" time="9.825"/>
  <testcase classname="com.testrunners.FoodRunner" name="runScenario" time="7.724"/>
</testsuite> <!-- com.testrunners.FoodRunner -->
