<?xml version="1.0" encoding="UTF-8"?>
<!-- Generated by org.testng.reporters.JUnitReportReporter -->
<testsuite hostname="DESKTOP-799KKK6" failures="0" tests="6" name="com.testrunners.SocialMediaRunner" time="46.343" errors="0" timestamp="2025-09-07T23:40:44 IST" skipped="0">
  <testcase classname="com.testrunners.SocialMediaRunner" name="runScenario" time="7.812"/>
  <testcase classname="com.testrunners.SocialMediaRunner" name="runScenario" time="7.217"/>
  <testcase classname="com.testrunners.SocialMediaRunner" name="runScenario" time="8.547"/>
  <testcase classname="com.testrunners.SocialMediaRunner" name="runScenario" time="8.429"/>
  <testcase classname="com.testrunners.SocialMediaRunner" name="runScenario" time="8.040"/>
  <testcase classname="com.testrunners.SocialMediaRunner" name="runScenario" time="6.298"/>
</testsuite> <!-- com.testrunners.SocialMediaRunner -->
