<?xml version="1.0" encoding="UTF-8"?>
<!-- Generated by org.testng.reporters.JUnitReportReporter -->
<testsuite hostname="DESKTOP-799KKK6" failures="0" tests="6" name="com.testrunners.TestRunner" time="39.136" errors="0" timestamp="2025-09-07T22:43:18 IST" skipped="0">
  <testcase classname="com.testrunners.TestRunner" name="runScenario" time="5.271"/>
  <testcase classname="com.testrunners.TestRunner" name="runScenario" time="9.042"/>
  <testcase classname="com.testrunners.TestRunner" name="runScenario" time="7.605"/>
  <testcase classname="com.testrunners.TestRunner" name="runScenario" time="5.635"/>
  <testcase classname="com.testrunners.TestRunner" name="runScenario" time="6.263"/>
  <testcase classname="com.testrunners.TestRunner" name="runScenario" time="5.320"/>
</testsuite> <!-- com.testrunners.TestRunner -->
