<?xml version="1.0" encoding="UTF-8"?>
<!-- Generated by org.testng.reporters.JUnitReportReporter -->
<testsuite hostname="DESKTOP-799KKK6" failures="0" tests="6" name="com.testrunners.SocialMediaRunner" time="45.591" errors="0" timestamp="2025-09-08T02:05:33 IST" skipped="0">
  <testcase classname="com.testrunners.SocialMediaRunner" name="runScenario" time="5.853"/>
  <testcase classname="com.testrunners.SocialMediaRunner" name="runScenario" time="8.220"/>
  <testcase classname="com.testrunners.SocialMediaRunner" name="runScenario" time="6.499"/>
  <testcase classname="com.testrunners.SocialMediaRunner" name="runScenario" time="8.332"/>
  <testcase classname="com.testrunners.SocialMediaRunner" name="runScenario" time="9.896"/>
  <testcase classname="com.testrunners.SocialMediaRunner" name="runScenario" time="6.791"/>
</testsuite> <!-- com.testrunners.SocialMediaRunner -->
