<?xml version="1.0" encoding="UTF-8"?>
<!-- Generated by org.testng.reporters.JUnitReportReporter -->
<testsuite hostname="DESKTOP-799KKK6" failures="0" tests="6" name="com.testrunners.RegressionRunner" time="72.962" errors="0" timestamp="2025-09-09T02:24:13 IST" skipped="0">
  <testcase classname="com.testrunners.RegressionRunner" name="runScenario" time="13.415"/>
  <testcase classname="com.testrunners.RegressionRunner" name="runScenario" time="13.448"/>
  <testcase classname="com.testrunners.RegressionRunner" name="runScenario" time="13.415"/>
  <testcase classname="com.testrunners.RegressionRunner" name="runScenario" time="14.725"/>
  <testcase classname="com.testrunners.RegressionRunner" name="runScenario" time="13.415"/>
  <testcase classname="com.testrunners.RegressionRunner" name="runScenario" time="4.544"/>
</testsuite> <!-- com.testrunners.RegressionRunner -->
