<?xml version="1.0" encoding="UTF-8"?>
<!-- Generated by org.testng.reporters.JUnitReportReporter -->
<testsuite hostname="DESKTOP-799KKK6" failures="0" tests="6" name="com.testrunners.FoodRunner" time="52.943" errors="0" timestamp="2025-09-07T23:40:44 IST" skipped="0">
  <testcase classname="com.testrunners.FoodRunner" name="runScenario" time="8.506"/>
  <testcase classname="com.testrunners.FoodRunner" name="runScenario" time="9.396"/>
  <testcase classname="com.testrunners.FoodRunner" name="runScenario" time="8.540"/>
  <testcase classname="com.testrunners.FoodRunner" name="runScenario" time="6.510"/>
  <testcase classname="com.testrunners.FoodRunner" name="runScenario" time="9.398"/>
  <testcase classname="com.testrunners.FoodRunner" name="runScenario" time="10.593"/>
</testsuite> <!-- com.testrunners.FoodRunner -->
