<?xml version="1.0" encoding="UTF-8"?>
<!-- Generated by org.testng.reporters.JUnitReportReporter -->
<testsuite hostname="DESKTOP-799KKK6" failures="0" tests="6" name="com.testrunners.EcommerceRunner" time="54.129" errors="0" timestamp="2025-09-07T23:40:44 IST" skipped="0">
  <testcase classname="com.testrunners.EcommerceRunner" name="runScenario" time="8.170"/>
  <testcase classname="com.testrunners.EcommerceRunner" name="runScenario" time="10.665"/>
  <testcase classname="com.testrunners.EcommerceRunner" name="runScenario" time="9.224"/>
  <testcase classname="com.testrunners.EcommerceRunner" name="runScenario" time="7.011"/>
  <testcase classname="com.testrunners.EcommerceRunner" name="runScenario" time="8.107"/>
  <testcase classname="com.testrunners.EcommerceRunner" name="runScenario" time="10.952"/>
</testsuite> <!-- com.testrunners.EcommerceRunner -->
