<?xml version="1.0" encoding="UTF-8"?>
<!-- Generated by org.testng.reporters.JUnitReportReporter -->
<testsuite hostname="DESKTOP-799KKK6" failures="0" tests="6" name="com.testrunners.FoodRunner" time="48.660" errors="0" timestamp="2025-09-07T23:57:15 IST" skipped="0">
  <testcase classname="com.testrunners.FoodRunner" name="runScenario" time="9.184"/>
  <testcase classname="com.testrunners.FoodRunner" name="runScenario" time="8.908"/>
  <testcase classname="com.testrunners.FoodRunner" name="runScenario" time="6.330"/>
  <testcase classname="com.testrunners.FoodRunner" name="runScenario" time="7.737"/>
  <testcase classname="com.testrunners.FoodRunner" name="runScenario" time="8.525"/>
  <testcase classname="com.testrunners.FoodRunner" name="runScenario" time="7.976"/>
</testsuite> <!-- com.testrunners.FoodRunner -->
