<?xml version="1.0" encoding="UTF-8"?>
<!-- Generated by org.testng.reporters.JUnitReportReporter -->
<testsuite hostname="DESKTOP-799KKK6" failures="0" tests="6" name="com.testrunners.RegressionRunner" time="58.787" errors="0" timestamp="2025-09-09T02:37:22 IST" skipped="0">
  <testcase classname="com.testrunners.RegressionRunner" name="runScenario" time="7.592"/>
  <testcase classname="com.testrunners.RegressionRunner" name="runScenario" time="7.543"/>
  <testcase classname="com.testrunners.RegressionRunner" name="runScenario" time="7.649"/>
  <testcase classname="com.testrunners.RegressionRunner" name="runScenario" time="12.036"/>
  <testcase classname="com.testrunners.RegressionRunner" name="runScenario" time="11.931"/>
  <testcase classname="com.testrunners.RegressionRunner" name="runScenario" time="12.036"/>
</testsuite> <!-- com.testrunners.RegressionRunner -->
