<?xml version="1.0" encoding="UTF-8"?>
<!-- Generated by org.testng.reporters.JUnitReportReporter -->
<testsuite hostname="DESKTOP-799KKK6" failures="0" tests="6" name="com.testrunners.FoodRunner" time="53.139" errors="0" timestamp="2025-09-08T01:33:02 IST" skipped="0">
  <testcase classname="com.testrunners.FoodRunner" name="runScenario" time="8.212"/>
  <testcase classname="com.testrunners.FoodRunner" name="runScenario" time="9.271"/>
  <testcase classname="com.testrunners.FoodRunner" name="runScenario" time="9.884"/>
  <testcase classname="com.testrunners.FoodRunner" name="runScenario" time="7.289"/>
  <testcase classname="com.testrunners.FoodRunner" name="runScenario" time="9.295"/>
  <testcase classname="com.testrunners.FoodRunner" name="runScenario" time="9.188"/>
</testsuite> <!-- com.testrunners.FoodRunner -->
