<?xml version="1.0" encoding="UTF-8"?>
<!-- Generated by org.testng.reporters.JUnitReportReporter -->
<testsuite hostname="DESKTOP-799KKK6" failures="0" tests="6" name="com.testrunners.EcommerceRunner" time="49.390" errors="0" timestamp="2025-09-07T23:57:15 IST" skipped="0">
  <testcase classname="com.testrunners.EcommerceRunner" name="runScenario" time="11.811"/>
  <testcase classname="com.testrunners.EcommerceRunner" name="runScenario" time="8.311"/>
  <testcase classname="com.testrunners.EcommerceRunner" name="runScenario" time="6.804"/>
  <testcase classname="com.testrunners.EcommerceRunner" name="runScenario" time="8.142"/>
  <testcase classname="com.testrunners.EcommerceRunner" name="runScenario" time="7.292"/>
  <testcase classname="com.testrunners.EcommerceRunner" name="runScenario" time="7.030"/>
</testsuite> <!-- com.testrunners.EcommerceRunner -->
