<?xml version="1.0" encoding="UTF-8"?>
<!-- Generated by org.testng.reporters.JUnitReportReporter -->
<testsuite hostname="DESKTOP-799KKK6" failures="0" tests="6" name="com.testrunners.SocialMediaRunner" time="53.209" errors="0" timestamp="2025-09-08T01:33:02 IST" skipped="0">
  <testcase classname="com.testrunners.SocialMediaRunner" name="runScenario" time="9.919"/>
  <testcase classname="com.testrunners.SocialMediaRunner" name="runScenario" time="7.152"/>
  <testcase classname="com.testrunners.SocialMediaRunner" name="runScenario" time="9.443"/>
  <testcase classname="com.testrunners.SocialMediaRunner" name="runScenario" time="8.347"/>
  <testcase classname="com.testrunners.SocialMediaRunner" name="runScenario" time="9.108"/>
  <testcase classname="com.testrunners.SocialMediaRunner" name="runScenario" time="9.240"/>
</testsuite> <!-- com.testrunners.SocialMediaRunner -->
