<?xml version="1.0" encoding="UTF-8"?>
<!-- Generated by org.testng.reporters.JUnitReportReporter -->
<testsuite hostname="DESKTOP-799KKK6" failures="0" tests="6" name="com.testrunners.SocialMediaRunner" time="42.197" errors="0" timestamp="2025-09-07T23:57:16 IST" skipped="0">
  <testcase classname="com.testrunners.SocialMediaRunner" name="runScenario" time="6.483"/>
  <testcase classname="com.testrunners.SocialMediaRunner" name="runScenario" time="7.628"/>
  <testcase classname="com.testrunners.SocialMediaRunner" name="runScenario" time="7.341"/>
  <testcase classname="com.testrunners.SocialMediaRunner" name="runScenario" time="7.698"/>
  <testcase classname="com.testrunners.SocialMediaRunner" name="runScenario" time="6.704"/>
  <testcase classname="com.testrunners.SocialMediaRunner" name="runScenario" time="6.343"/>
</testsuite> <!-- com.testrunners.SocialMediaRunner -->
