<?xml version="1.0" encoding="UTF-8"?>
<!-- Generated by org.testng.reporters.JUnitReportReporter -->
<testsuite hostname="DESKTOP-799KKK6" failures="0" tests="6" name="com.testrunners.RegressionRunner" time="61.837" errors="0" timestamp="2025-09-09T03:16:19 IST" skipped="0">
  <testcase classname="com.testrunners.RegressionRunner" name="runScenario" time="13.040"/>
  <testcase classname="com.testrunners.RegressionRunner" name="runScenario" time="8.318"/>
  <testcase classname="com.testrunners.RegressionRunner" name="runScenario" time="12.173"/>
  <testcase classname="com.testrunners.RegressionRunner" name="runScenario" time="7.509"/>
  <testcase classname="com.testrunners.RegressionRunner" name="runScenario" time="8.554"/>
  <testcase classname="com.testrunners.RegressionRunner" name="runScenario" time="12.243"/>
</testsuite> <!-- com.testrunners.RegressionRunner -->
